This is pdfTeX, Version 3.1415926-1.40.11 (TeX Live 2010) (format=pdflatex 2011.4.8)  13 APR 2011 01:10
entering extended mode
 restricted \write18 enabled.
 %&-line parsing enabled.
**cil-api.tex
(./cil-api.tex
LaTeX2e <2009/09/24>
Babel <v3.8l> and hyphenation patterns for english, dumylang, nohyphenation, ge
rman-x-2009-06-19, ngerman-x-2009-06-19, ancientgreek, ibycus, arabic, armenian
, basque, bulgarian, catalan, pinyin, coptic, croatian, czech, danish, dutch, u
kenglish, usenglishmax, esperanto, estonian, farsi, finnish, french, galician, 
german, ngerman, swissgerman, monogreek, greek, hungarian, icelandic, assamese,
 bengali, gujarati, hindi, kannada, malayalam, marathi, oriya, panjabi, tamil, 
telugu, indonesian, interlingua, irish, italian, kurmanji, lao, latin, latvian,
 lithuanian, mongolian, mongolianlmc, bokmal, nynorsk, polish, portuguese, roma
nian, russian, sanskrit, serbian, slovak, slovenian, spanish, swedish, turkish,
 turkmen, ukrainian, uppersorbian, welsh, loaded.
(/usr/share/texmf/tex/latex/base/article.cls
Document Class: article 2007/10/19 v1.4h Standard LaTeX document class
(/usr/share/texmf/tex/latex/base/size11.clo
File: size11.clo 2007/10/19 v1.4h Standard LaTeX file (size option)
)
\c@part=\count79
\c@section=\count80
\c@subsection=\count81
\c@subsubsection=\count82
\c@paragraph=\count83
\c@subparagraph=\count84
\c@figure=\count85
\c@table=\count86
\abovecaptionskip=\skip41
\belowcaptionskip=\skip42
\bibindent=\dimen102
)
(/usr/share/texmf/tex/latex/base/inputenc.sty
Package: inputenc 2008/03/30 v1.1d Input encoding file
\inpenc@prehook=\toks14
\inpenc@posthook=\toks15

(/usr/share/texmf/tex/latex/base/latin1.def
File: latin1.def 2008/03/30 v1.1d Input encoding file
)) (./fullpage.sty
Style Option FULLPAGE Version 2 as of 15 Dec 1988
) (/usr/share/texmf/tex/latex/url/url.sty
\Urlmuskip=\muskip10
Package: url 2006/04/12  ver 3.3  Verb mode for urls, etc.
) (./ocamldoc.sty
Package: ocamldoc 2001/12/04 v1.0 ocamldoc support
) (./cil-api.aux)
\openout1 = `cil-api.aux'.

LaTeX Font Info:    Checking defaults for OML/cmm/m/it on input line 8.
LaTeX Font Info:    ... okay on input line 8.
LaTeX Font Info:    Checking defaults for T1/cmr/m/n on input line 8.
LaTeX Font Info:    ... okay on input line 8.
LaTeX Font Info:    Checking defaults for OT1/cmr/m/n on input line 8.
LaTeX Font Info:    ... okay on input line 8.
LaTeX Font Info:    Checking defaults for OMS/cmsy/m/n on input line 8.
LaTeX Font Info:    ... okay on input line 8.
LaTeX Font Info:    Checking defaults for OMX/cmex/m/n on input line 8.
LaTeX Font Info:    ... okay on input line 8.
LaTeX Font Info:    Checking defaults for U/cmr/m/n on input line 8.
LaTeX Font Info:    ... okay on input line 8.
LaTeX Font Info:    External font `cmex10' loaded for size
(Font)              <12> on input line 9.
LaTeX Font Info:    External font `cmex10' loaded for size
(Font)              <8> on input line 9.
LaTeX Font Info:    External font `cmex10' loaded for size
(Font)              <6> on input line 9.


LaTeX Warning: No \author given.

(./cil-api.toc)
\tf@toc=\write3
\openout3 = `cil-api.toc'.

LaTeX Font Info:    Try loading font information for OMS+cmr on input line 15.
 (/usr/share/texmf/tex/latex/base/omscmr.fd
File: omscmr.fd 1999/05/25 v2.5h Standard LaTeX font definitions
)
LaTeX Font Info:    Font shape `OMS/cmr/m/n' in size <10.95> not available
(Font)              Font shape `OMS/cmsy/m/n' tried instead on input line 15.
 [1

{/var/lib/texmf/fonts/map/pdftex/updmap/pdftex.map}]
LaTeX Font Info:    Try loading font information for OMS+cmtt on input line 173
.
LaTeX Font Info:    No file OMScmtt.fd. on input line 173.


LaTeX Font Warning: Font shape `OMS/cmtt/m/n' undefined
(Font)              using `OMS/cmsy/m/n' instead
(Font)              for symbol `textbackslash' on input line 173.

[2] [3] [4]
LaTeX Font Info:    External font `cmex10' loaded for size
(Font)              <10.95> on input line 578.
 [5] [6] [7] [8]
Overfull \hbox (13.87784pt too wide) in paragraph at lines 1314--1314
[]\OT1/cmr/bx/n/14.4 Module \OT1/cmtt/m/n/14.4 Clist \OT1/cmr/bx/n/14.4 : Util-
i-ties for man-ag-ing "con-caten-able lists" (clists). 
 []

[9] [10] [11]
Overfull \hbox (61.2885pt too wide) in paragraph at lines 1734--1736
[]\OT1/cmr/bx/n/10.95 CIL API Doc-u-men-ta-tion. \OT1/cmr/m/n/10.95 An html ver
-sion of this doc-u-ment can be found at http://hal.cs.berkeley.edu/cil 
 []

[12] [13] [14]
Overfull \hbox (12.2746pt too wide) in paragraph at lines 2104--2111
[]\OT1/cmr/m/n/10.95 There are a num-ber of func-tions for query-ing the kind o
f a type. These are \OT1/cmtt/m/n/10.95 Cil.isIntegralType\OT1/cmr/m/n/10.95 [5
[]],
 []


Overfull \hbox (4.83192pt too wide) in paragraph at lines 2104--2111
\OT1/cmtt/m/n/10.95 Cil.isArithmeticType\OT1/cmr/m/n/10.95 [5[]], \OT1/cmtt/m/n
/10.95 Cil.isPointerType\OT1/cmr/m/n/10.95 [5[]], \OT1/cmtt/m/n/10.95 Cil.isSca
larType\OT1/cmr/m/n/10.95 [5[]], \OT1/cmtt/m/n/10.95 Cil.isFunctionType\OT1/cmr
/m/n/10.95 [5[]],
 []


Overfull \hbox (2.91672pt too wide) in paragraph at lines 2121--2123
[]\OT1/cmr/m/n/10.95 The other method for scan-ning types is pro-vided by the v
is-i-tor in-ter-face (see \OT1/cmtt/m/n/10.95 Cil.cilVisitor\OT1/cmr/m/n/10.95 
[5[]]). 
 []

[15] [16] [17]
Overfull \hbox (14.43575pt too wide) in paragraph at lines 2375--2381
\OT1/cmtt/m/n/10.95 Cil.compinfo\OT1/cmr/m/n/10.95 [5[]] for re-cur-sive types.
 Use the \OT1/cmtt/m/n/10.95 Cil.mkCompInfo\OT1/cmr/m/n/10.95 [5[]] func-tion t
o cre-ate a \OT1/cmtt/m/n/10.95 Cil.compinfo\OT1/cmr/m/n/10.95 [5[]].
 []


Overfull \hbox (0.12024pt too wide) in paragraph at lines 2375--2381
\OT1/cmr/m/n/10.95 You can eas-ily fetch the \OT1/cmtt/m/n/10.95 Cil.fieldinfo\
OT1/cmr/m/n/10.95 [5[]] for a given field in a struc-ture with \OT1/cmtt/m/n/10
.95 Cil.getCompField\OT1/cmr/m/n/10.95 [5[]]. 
 []

[18] [19] [20] [21] [22] [23] [24] [25] [26] [27] [28] [29] [30] [31] [32]
[33] [34] [35] [36] [37] [38] [39] [40] [41] [42] [43] [44] [45] [46] [47]
[48] [49] [50] [51] [52] [53] [54] [55]
Overfull \hbox (24.16794pt too wide) in paragraph at lines 7779--7782
[]\OT1/cmr/m/n/10.95 the fol-low-ing er-ror mes-sage pro-duc-ing func-tions als
o print a lo-ca-tion in the code. use \OT1/cmtt/m/n/10.95 Errormsg.bug\OT1/cmr/
m/n/10.95 [2[]]
 []

[56] [57] [58] [59] [60] [61] [62] [63] [64] [65] [66] [67] [68] [69]
(./cil-api.aux)

LaTeX Font Warning: Some font shapes were not available, defaults substituted.


LaTeX Warning: Label(s) may have changed. Rerun to get cross-references right.

 ) 
Here is how much of TeX's memory you used:
 1004 strings out of 493746
 19436 string characters out of 3150858
 61483 words of memory out of 3500000
 4343 multiletter control sequences out of 15000+200000
 9187 words of font info for 33 fonts, out of 3000000 for 9000
 714 hyphenation exceptions out of 8191
 21i,6n,19p,202b,313s stack positions out of 5000i,500n,10000p,200000b,50000s
</usr/share/texmf/fonts/type1/public/amsfonts/cm/cmbx10.pfb></usr/share/texmf
/fonts/type1/public/amsfonts/cm/cmbx12.pfb></usr/share/texmf/fonts/type1/public
/amsfonts/cm/cmmi10.pfb></usr/share/texmf/fonts/type1/public/amsfonts/cm/cmr10.
pfb></usr/share/texmf/fonts/type1/public/amsfonts/cm/cmr12.pfb></usr/share/texm
f/fonts/type1/public/amsfonts/cm/cmr17.pfb></usr/share/texmf/fonts/type1/public
/amsfonts/cm/cmsy10.pfb></usr/share/texmf/fonts/type1/public/amsfonts/cm/cmti10
.pfb></usr/share/texmf/fonts/type1/public/amsfonts/cm/cmtt10.pfb></usr/share/te
xmf/fonts/type1/public/amsfonts/cm/cmtt12.pfb>
Output written on cil-api.pdf (69 pages, 247645 bytes).
PDF statistics:
 267 PDF objects out of 1000 (max. 8388607)
 184 compressed objects within 2 object streams
 0 named destinations out of 1000 (max. 500000)
 1 words of extra memory for PDF output out of 10000 (max. 10000000)

