This file contains any messages produced by compilers while
running configure, to aid debugging if configure makes a mistake.

It was created by ocamlyices configure 0.5, which was
generated by GNU Autoconf 2.68.  Invocation command line was

  $ ./configure 

## --------- ##
## Platform. ##
## --------- ##

hostname = tango.site
uname -m = x86_64
uname -r = 2.6.37.6-0.7-desktop
uname -s = Linux
uname -v = #1 SMP PREEMPT 2011-07-21 02:17:24 +0200

/usr/bin/uname -p = unknown
/bin/uname -X     = unknown

/bin/arch              = x86_64
/usr/bin/arch -k       = unknown
/usr/convex/getsysinfo = unknown
/usr/bin/hostinfo      = unknown
/bin/machine           = unknown
/usr/bin/oslevel       = unknown
/bin/universe          = unknown

PATH: /home/avatar/bin
PATH: /usr/local/bin
PATH: /usr/bin
PATH: /bin
PATH: /usr/bin/X11
PATH: /usr/X11R6/bin
PATH: /usr/games
PATH: /usr/lib/mit/bin
PATH: /usr/lib/mit/sbin
PATH: /home/avatar/docs/scripts
PATH: /home/avatar/docs/verification/svn/csec-tools/bin
PATH: /home/avatar/docs/verification/svn/csec-tools/deps/cil-1.3.7-svn/bin
PATH: /home/avatar/docs/scripts
PATH: /home/avatar/docs/verification/svn/csec-tools/bin
PATH: /home/avatar/docs/verification/svn/csec-tools/deps/cil-1.3.7-svn/bin


## ----------- ##
## Core tests. ##
## ----------- ##

configure:1798: checking for gcc
configure:1814: found /usr/bin/gcc
configure:1825: result: gcc
configure:2054: checking for C compiler version
configure:2063: gcc --version >&5
gcc (SUSE Linux) 4.5.1 20101208 [gcc-4_5-branch revision 167585]
Copyright (C) 2010 Free Software Foundation, Inc.
This is free software; see the source for copying conditions.  There is NO
warranty; not even for MERCHANTABILITY or FITNESS FOR A PARTICULAR PURPOSE.

configure:2074: $? = 0
configure:2063: gcc -v >&5
Using built-in specs.
COLLECT_GCC=gcc
COLLECT_LTO_WRAPPER=/usr/lib64/gcc/x86_64-suse-linux/4.5/lto-wrapper
Target: x86_64-suse-linux
Configured with: ../configure --prefix=/usr --infodir=/usr/share/info --mandir=/usr/share/man --libdir=/usr/lib64 --libexecdir=/usr/lib64 --enable-languages=c,c++,objc,fortran,obj-c++,java,ada --enable-checking=release --with-gxx-include-dir=/usr/include/c++/4.5 --enable-ssp --disable-libssp --disable-plugin --with-bugurl=http://bugs.opensuse.org/ --with-pkgversion='SUSE Linux' --disable-libgcj --disable-libmudflap --with-slibdir=/lib64 --with-system-zlib --enable-__cxa_atexit --enable-libstdcxx-allocator=new --disable-libstdcxx-pch --enable-version-specific-runtime-libs --program-suffix=-4.5 --enable-linux-futex --without-system-libunwind --enable-gold --with-plugin-ld=/usr/bin/gold --with-arch-32=i586 --with-tune=generic --build=x86_64-suse-linux
Thread model: posix
gcc version 4.5.1 20101208 [gcc-4_5-branch revision 167585] (SUSE Linux) 
configure:2074: $? = 0
configure:2063: gcc -V >&5
gcc: '-V' option must have argument
configure:2074: $? = 1
configure:2063: gcc -qversion >&5
gcc: unrecognized option '-qversion'
gcc: no input files
configure:2074: $? = 1
configure:2094: checking whether the C compiler works
configure:2116: gcc    conftest.c  >&5
configure:2120: $? = 0
configure:2168: result: yes
configure:2171: checking for C compiler default output file name
configure:2173: result: a.out
configure:2179: checking for suffix of executables
configure:2186: gcc -o conftest    conftest.c  >&5
configure:2190: $? = 0
configure:2212: result: 
configure:2234: checking whether we are cross compiling
configure:2242: gcc -o conftest    conftest.c  >&5
configure:2246: $? = 0
configure:2253: ./conftest
configure:2257: $? = 0
configure:2272: result: no
configure:2277: checking for suffix of object files
configure:2299: gcc -c   conftest.c >&5
configure:2303: $? = 0
configure:2324: result: o
configure:2328: checking whether we are using the GNU C compiler
configure:2347: gcc -c   conftest.c >&5
configure:2347: $? = 0
configure:2356: result: yes
configure:2365: checking whether gcc accepts -g
configure:2385: gcc -c -g  conftest.c >&5
configure:2385: $? = 0
configure:2426: result: yes
configure:2443: checking for gcc option to accept ISO C89
configure:2507: gcc  -c -g -O2  conftest.c >&5
configure:2507: $? = 0
configure:2520: result: none needed
configure:2583: checking for ranlib
configure:2599: found /usr/bin/ranlib
configure:2610: result: ranlib
configure:2635: checking for ocamlc
configure:2651: found /usr/bin/ocamlc
configure:2662: result: ocamlc
configure:2677: ocaml version is 3.12.0
configure:2680: ocaml library path is /usr/lib64/ocaml
configure:2686: checking for ocamlfind
configure:2702: found /usr/bin/ocamlfind
configure:2713: result: ocamlfind
configure:2740: checking for ocamlopt
configure:2756: found /usr/bin/ocamlopt
configure:2767: result: ocamlopt
configure:2783: checking ocamlopt version
configure:2795: result: ok
configure:2805: checking for ocamldoc
configure:2821: found /usr/bin/ocamldoc
configure:2832: result: ocamldoc
configure:2853: checking for camlidl
configure:2869: found /usr/local/bin/camlidl
configure:2880: result: camlidl
configure:2894: checking platform
configure:2905: result: *nix
configure:2925: checking libyices.so
configure:2963: result: /usr/local/lib/libyices.so
/usr/local/lib64/libyices.so
configure:2970: checking GMP dependency
configure:3003: result: unknown, fallback to: /usr/lib64/libgmp.so.3
configure:3263: creating ./config.status

## ---------------------- ##
## Running config.status. ##
## ---------------------- ##

This file was extended by ocamlyices config.status 0.5, which was
generated by GNU Autoconf 2.68.  Invocation command line was

  CONFIG_FILES    = 
  CONFIG_HEADERS  = 
  CONFIG_LINKS    = 
  CONFIG_COMMANDS = 
  $ ./config.status 

on tango.site

config.status:747: creating Makefile

## ---------------- ##
## Cache variables. ##
## ---------------- ##

ac_cv_c_compiler_gnu=yes
ac_cv_env_CC_set=
ac_cv_env_CC_value=
ac_cv_env_CFLAGS_set=
ac_cv_env_CFLAGS_value=
ac_cv_env_CPPFLAGS_set=
ac_cv_env_CPPFLAGS_value=
ac_cv_env_LDFLAGS_set=
ac_cv_env_LDFLAGS_value=
ac_cv_env_LIBS_set=
ac_cv_env_LIBS_value=
ac_cv_env_build_alias_set=
ac_cv_env_build_alias_value=
ac_cv_env_host_alias_set=
ac_cv_env_host_alias_value=
ac_cv_env_target_alias_set=
ac_cv_env_target_alias_value=
ac_cv_objext=o
ac_cv_prog_CAMLIDL=camlidl
ac_cv_prog_OCAMLC=ocamlc
ac_cv_prog_OCAMLDOC=ocamldoc
ac_cv_prog_OCAMLFIND=ocamlfind
ac_cv_prog_OCAMLOPT=ocamlopt
ac_cv_prog_ac_ct_CC=gcc
ac_cv_prog_ac_ct_RANLIB=ranlib
ac_cv_prog_cc_c89=
ac_cv_prog_cc_g=yes

## ----------------- ##
## Output variables. ##
## ----------------- ##

CAMLIDL='camlidl'
CC='gcc'
CFLAGS='-g -O2'
CPPFLAGS=''
CUSTOM='no'
DEFS='-DPACKAGE_NAME=\"ocamlyices\" -DPACKAGE_TARNAME=\"ocamlyices\" -DPACKAGE_VERSION=\"0.5\" -DPACKAGE_STRING=\"ocamlyices\ 0.5\" -DPACKAGE_BUGREPORT=\"\" -DPACKAGE_URL=\"\"'
ECHO_C=''
ECHO_N='-n'
ECHO_T=''
EXEEXT=''
FORCE_STATIC='no'
GMP='/usr/lib64/libgmp.so.3'
LDFLAGS=''
LIBOBJS=''
LIBS=''
LTLIBOBJS=''
OBJEXT='o'
OCAMLBEST='opt'
OCAMLC='ocamlc'
OCAMLDEP=''
OCAMLDESTDIR='/usr/lib64/ocaml/site-lib'
OCAMLDOC='ocamldoc'
OCAMLFIND='ocamlfind'
OCAMLLIB='/usr/lib64/ocaml /usr/lib64/ocaml/site-lib'
OCAMLOPT='ocamlopt'
OCAMLVERSION='3.12.0'
OCAMLWIN32='no'
PACKAGE_BUGREPORT=''
PACKAGE_NAME='ocamlyices'
PACKAGE_STRING='ocamlyices 0.5'
PACKAGE_TARNAME='ocamlyices'
PACKAGE_URL=''
PACKAGE_VERSION='0.5'
PARTIAL_LINKING='yes'
PATH_SEPARATOR=':'
RANLIB='ranlib'
SHELL='/bin/sh'
ac_ct_CC='gcc'
bindir='${exec_prefix}/bin'
build_alias=''
datadir='${datarootdir}'
datarootdir='${prefix}/share'
docdir='${datarootdir}/doc/${PACKAGE_TARNAME}'
dvidir='${docdir}'
exec_prefix='${prefix}'
host_alias=''
htmldir='${docdir}'
includedir='${prefix}/include'
infodir='${datarootdir}/info'
libdir='${exec_prefix}/lib'
libexecdir='${exec_prefix}/libexec'
localedir='${datarootdir}/locale'
localstatedir='${prefix}/var'
mandir='${datarootdir}/man'
oldincludedir='/usr/include'
pdfdir='${docdir}'
prefix='/usr/local'
program_transform_name='s,x,x,'
psdir='${docdir}'
sbindir='${exec_prefix}/sbin'
sharedstatedir='${prefix}/com'
sysconfdir='${prefix}/etc'
target_alias=''

## ----------- ##
## confdefs.h. ##
## ----------- ##

/* confdefs.h */
#define PACKAGE_NAME "ocamlyices"
#define PACKAGE_TARNAME "ocamlyices"
#define PACKAGE_VERSION "0.5"
#define PACKAGE_STRING "ocamlyices 0.5"
#define PACKAGE_BUGREPORT ""
#define PACKAGE_URL ""

configure: exit 0
